#
# A fatal error has been detected by the Java Runtime Environment:
#
#  EXCEPTION_ACCESS_VIOLATION (0xc0000005) at pc=0x000000006bc007b8, pid=16352, tid=0x00000000000010cc
#
# JRE version: Java(TM) SE Runtime Environment (8.0_111-b14) (build 1.8.0_111-b14)
# Java VM: Java HotSpot(TM) 64-Bit Server VM (25.111-b14 mixed mode windows-amd64 compressed oops)
# Problematic frame:
# C  [jfxwebkit.dll+0xd607b8]
#
# Failed to write core dump. Minidumps are not enabled by default on client versions of Windows
#
# If you would like to submit a bug report, please visit:
#   http://bugreport.java.com/bugreport/crash.jsp
# The crash happened outside the Java Virtual Machine in native code.
# See problematic frame for where to report the bug.
#

---------------  T H R E A D  ---------------

Current thread (0x0000000019c20800):  JavaThread "JavaFX Application Thread" [_thread_in_native, id=4300, stack(0x000000001a7a0000,0x000000001a8a0000)]

siginfo: ExceptionCode=0xc0000005, reading address 0x0000000000000018

Registers:
RAX=0x0000000000000000, RBX=0x0000000000000087, RCX=0x000000006bc007a0, RDX=0x000000006aea0000
RSP=0x000000001a89c3c0, RBP=0x000000001a89c4c0, RSI=0x000000002318fb40, RDI=0x0000000000000000
R8 =0x0001000000000000, R9 =0xffff000000000000, R10=0x0000000000000000, R11=0xffff000000000002
R12=0x000000002318fbe0, R13=0x000000002318fb40, R14=0x000000002d9365b0, R15=0x000000002cf41bd8
RIP=0x000000006bc007b8, EFLAGS=0x0000000000010202

Top of Stack: (sp=0x000000001a89c3c0)
0x000000001a89c3c0:   000000002318fb40 000000002318fbe0
0x000000001a89c3d0:   000000002318fb40 000000002d9365b0
0x000000001a89c3e0:   0000000000000087 000000002318fb40
0x000000001a89c3f0:   000000002cf41da0 0000000000000002
0x000000001a89c400:   0000000000000087 000000002318fb40
0x000000001a89c410:   000000002318fbe0 0000000000000090
0x000000001a89c420:   badbeef000000080 0000000000000090
0x000000001a89c430:   000000002d55afb0 00007fff52986ff8
0x000000001a89c440:   000000001a89c5f8 000000001a89c5f8
0x000000001a89c450:   0000000000000000 0000000000000087
0x000000001a89c460:   0000000000000000 0000000000d90000
0x000000001a89c470:   0000000028743d70 000000006badf406
0x000000001a89c480:   000000002ccb6580 000000001a89c5f8
0x000000001a89c490:   00000000011e63c0 0000000000d92d00
0x000000001a89c4a0:   0000000000d90cc0 000000000000000e
0x000000001a89c4b0:   0000000000000120 0000000000000000 

Instructions: (pc=0x000000006bc007b8)
0x000000006bc00798:   64 24 50 e9 4b 74 00 00 48 8b 44 24 60 49 83 ed
0x000000006bc007a8:   10 49 8b fa 49 89 45 08 4d 89 65 00 49 8b 45 20
0x000000006bc007b8:   48 8b 70 18 4d 8b e5 4c 89 6c 24 50 48 8b b6 88
0x000000006bc007c8:   00 00 00 4c 89 54 24 30 49 89 75 10 41 8b 44 24 


Register to memory mapping:

RAX=0x0000000000000000 is an unknown value
RBX=0x0000000000000087 is an unknown value
RCX=0x000000006bc007a0 is an unknown value
RDX=0x000000006aea0000 is an unknown value
RSP=0x000000001a89c3c0 is pointing into the stack for thread: 0x0000000019c20800
RBP=0x000000001a89c4c0 is pointing into the stack for thread: 0x0000000019c20800
RSI=0x000000002318fb40 is an unknown value
RDI=0x0000000000000000 is an unknown value
R8 =0x0001000000000000 is an unknown value
R9 =0xffff000000000000 is an unknown value
R10=0x0000000000000000 is an unknown value
R11=0xffff000000000002 is an unknown value
R12=0x000000002318fbe0 is an unknown value
R13=0x000000002318fb40 is an unknown value
R14=0x000000002d9365b0 is an unknown value
R15=0x000000002cf41bd8 is an unknown value


Stack: [0x000000001a7a0000,0x000000001a8a0000],  sp=0x000000001a89c3c0,  free space=1008k
Native frames: (J=compiled Java code, j=interpreted, Vv=VM code, C=native code)
C  [jfxwebkit.dll+0xd607b8]
C  [jfxwebkit.dll+0xd314b3]
C  [jfxwebkit.dll+0xc371de]
C  [jfxwebkit.dll+0xc34946]
C  [jfxwebkit.dll+0xbc8225]
C  [jfxwebkit.dll+0xd4af1e]
C  [jfxwebkit.dll+0xd604b5]
C  [jfxwebkit.dll+0xd314e3]
C  [jfxwebkit.dll+0xc3498e]
C  [jfxwebkit.dll+0xbc8225]
C  [jfxwebkit.dll+0xc5fd64]
C  [jfxwebkit.dll+0x4307dc]
C  [jfxwebkit.dll+0x57ed8d]
C  [jfxwebkit.dll+0xbcf3c4]
C  [jfxwebkit.dll+0x8bdf53]
C  0x00000000041ffaf4

Java frames: (J=compiled Java code, j=interpreted, Vv=VM code)
J 7725  com.sun.webkit.Timer.twkFireTimerEvent()V (0 bytes) @ 0x00000000041ffa7e [0x00000000041ffa40+0x3e]
J 7724 C1 com.sun.webkit.Timer.fireTimerEvent(J)V (65 bytes) @ 0x00000000041e4adc [0x00000000041e4680+0x45c]
J 7723 C1 com.sun.webkit.Timer.notifyTick()V (29 bytes) @ 0x0000000003d83eac [0x0000000003d83c40+0x26c]
J 7721 C1 javafx.scene.web.WebEngine$PulseTimer$$Lambda$125.pulse()V (4 bytes) @ 0x00000000041ebfe4 [0x00000000041ebe80+0x164]
J 7850 C2 com.sun.javafx.tk.Toolkit$$Lambda$502.run()Ljava/lang/Object; (8 bytes) @ 0x00000000033dfcc4 [0x00000000033dfc80+0x44]
v  ~StubRoutines::call_stub
J 5112  java.security.AccessController.doPrivileged(Ljava/security/PrivilegedAction;Ljava/security/AccessControlContext;)Ljava/lang/Object; (0 bytes) @ 0x00000000042041e6 [0x0000000004204180+0x66]
J 7645 C1 com.sun.javafx.tk.Toolkit.firePulse()V (279 bytes) @ 0x00000000046beaac [0x00000000046bcae0+0x1fcc]
J 6968 C1 com.sun.javafx.tk.quantum.QuantumToolkit.pulse(Z)V (164 bytes) @ 0x00000000039ae404 [0x00000000039addc0+0x644]
J 6905 C1 com.sun.javafx.tk.quantum.QuantumToolkit$$Lambda$42.run()V (8 bytes) @ 0x00000000044ec994 [0x00000000044ec780+0x214]
J 7825 C1 com.sun.glass.ui.InvokeLaterDispatcher$Future.run()V (91 bytes) @ 0x0000000004765d4c [0x0000000004765c40+0x10c]
v  ~StubRoutines::call_stub
j  com.sun.glass.ui.win.WinApplication._runLoop(Ljava/lang/Runnable;)V+0
j  com.sun.glass.ui.win.WinApplication.lambda$null$148(ILjava/lang/Runnable;)V+8
j  com.sun.glass.ui.win.WinApplication$$Lambda$38.run()V+12
j  java.lang.Thread.run()V+11
v  ~StubRoutines::call_stub

---------------  P R O C E S S  ---------------

Java Threads: ( => current thread )
  0x00000000198df800 JavaThread "URL-Loader-59" daemon [_thread_blocked, id=16832, stack(0x000000004fcd0000,0x000000004fdd0000)]
  0x00000000198e0800 JavaThread "URL-Loader-58" daemon [_thread_blocked, id=20092, stack(0x000000004fad0000,0x000000004fbd0000)]
  0x00000000198e1000 JavaThread "URL-Loader-57" daemon [_thread_blocked, id=28388, stack(0x000000004f9d0000,0x000000004fad0000)]
  0x00000000198dd800 JavaThread "URL-Loader-56" daemon [_thread_blocked, id=21740, stack(0x000000004f8d0000,0x000000004f9d0000)]
  0x000000002389b000 JavaThread "URL-Loader-55" daemon [_thread_blocked, id=17568, stack(0x000000004f7d0000,0x000000004f8d0000)]
  0x0000000023899800 JavaThread "URL-Loader-54" daemon [_thread_blocked, id=17520, stack(0x000000004f6d0000,0x000000004f7d0000)]
  0x0000000023899000 JavaThread "URL-Loader-53" daemon [_thread_blocked, id=22096, stack(0x000000004f5d0000,0x000000004f6d0000)]
  0x0000000023898000 JavaThread "URL-Loader-52" daemon [_thread_blocked, id=28320, stack(0x000000004e9d0000,0x000000004ead0000)]
  0x0000000023893800 JavaThread "URL-Loader-51" daemon [_thread_blocked, id=28076, stack(0x000000004e8d0000,0x000000004e9d0000)]
  0x0000000023897800 JavaThread "URL-Loader-50" daemon [_thread_blocked, id=27448, stack(0x000000004e7d0000,0x000000004e8d0000)]
  0x0000000023895000 JavaThread "URL-Loader-49" daemon [_thread_blocked, id=19744, stack(0x000000004e6d0000,0x000000004e7d0000)]
  0x0000000023894800 JavaThread "URL-Loader-48" daemon [_thread_blocked, id=26936, stack(0x000000004e5d0000,0x000000004e6d0000)]
  0x000000002388c000 JavaThread "URL-Loader-47" daemon [_thread_blocked, id=28020, stack(0x000000004e4d0000,0x000000004e5d0000)]
  0x0000000023893000 JavaThread "URL-Loader-46" daemon [_thread_blocked, id=26656, stack(0x000000004e3d0000,0x000000004e4d0000)]
  0x0000000023890800 JavaThread "URL-Loader-45" daemon [_thread_blocked, id=23496, stack(0x000000004e2d0000,0x000000004e3d0000)]
  0x0000000023892000 JavaThread "URL-Loader-44" daemon [_thread_blocked, id=29124, stack(0x000000004e1d0000,0x000000004e2d0000)]
  0x0000000023890000 JavaThread "URL-Loader-43" daemon [_thread_blocked, id=12764, stack(0x000000004e0d0000,0x000000004e1d0000)]
  0x000000002388e800 JavaThread "URL-Loader-42" daemon [_thread_blocked, id=28936, stack(0x000000004ded0000,0x000000004dfd0000)]
  0x000000002388d000 JavaThread "URL-Loader-41" daemon [_thread_blocked, id=29568, stack(0x000000004ddd0000,0x000000004ded0000)]
  0x000000002388f000 JavaThread "Keep-Alive-Timer" daemon [_thread_blocked, id=29628, stack(0x000000004dcd0000,0x000000004ddd0000)]
  0x000000002388d800 JavaThread "Thread-6" daemon [_thread_in_native, id=28436, stack(0x000000002dcb0000,0x000000002ddb0000)]
  0x0000000023891800 JavaThread "Watchdog-Timer-1" daemon [_thread_blocked, id=17960, stack(0x000000002b7b0000,0x000000002b8b0000)]
  0x0000000024210000 JavaThread "Prism Font Disposer" daemon [_thread_blocked, id=23916, stack(0x0000000027100000,0x0000000027200000)]
  0x000000002407b800 JavaThread "AWT-Windows" daemon [_thread_in_native, id=24820, stack(0x00000000267d0000,0x00000000268d0000)]
  0x0000000024078000 JavaThread "Java2D Disposer" daemon [_thread_blocked, id=18936, stack(0x00000000265d0000,0x00000000266d0000)]
  0x0000000024085000 JavaThread "TimerQueue" daemon [_thread_blocked, id=25540, stack(0x00000000264d0000,0x00000000265d0000)]
  0x000000001a154000 JavaThread "Disposer" daemon [_thread_blocked, id=15248, stack(0x00000000231f0000,0x00000000232f0000)]
  0x0000000019c94000 JavaThread "Thread-3" daemon [_thread_in_native, id=23072, stack(0x0000000021370000,0x0000000021470000)]
  0x0000000019c89000 JavaThread "JavaFX-Launcher" [_thread_blocked, id=23780, stack(0x0000000021470000,0x0000000021570000)]
=>0x0000000019c20800 JavaThread "JavaFX Application Thread" [_thread_in_native, id=4300, stack(0x000000001a7a0000,0x000000001a8a0000)]
  0x00000000199f4000 JavaThread "Thread-1" daemon [_thread_blocked, id=7604, stack(0x000000001a6a0000,0x000000001a7a0000)]
  0x00000000199df000 JavaThread "QuantumRenderer-0" daemon [_thread_blocked, id=23816, stack(0x000000001a410000,0x000000001a510000)]
  0x0000000019632800 JavaThread "Service Thread" daemon [_thread_blocked, id=15312, stack(0x0000000019a10000,0x0000000019b10000)]
  0x0000000017cc3000 JavaThread "C1 CompilerThread2" daemon [_thread_blocked, id=17044, stack(0x0000000019510000,0x0000000019610000)]
  0x0000000017cbc800 JavaThread "C2 CompilerThread1" daemon [_thread_in_native, id=27652, stack(0x0000000019410000,0x0000000019510000)]
  0x0000000017cce800 JavaThread "C2 CompilerThread0" daemon [_thread_in_native, id=1360, stack(0x0000000019310000,0x0000000019410000)]
  0x0000000017ccd000 JavaThread "Attach Listener" daemon [_thread_blocked, id=21648, stack(0x0000000019210000,0x0000000019310000)]
  0x0000000017cca000 JavaThread "Signal Dispatcher" daemon [_thread_blocked, id=24468, stack(0x0000000019110000,0x0000000019210000)]
  0x0000000017caa800 JavaThread "Finalizer" daemon [_thread_blocked, id=13112, stack(0x0000000018f20000,0x0000000019020000)]
  0x00000000031f2000 JavaThread "Reference Handler" daemon [_thread_blocked, id=9324, stack(0x0000000018e20000,0x0000000018f20000)]
  0x00000000030fe800 JavaThread "main" [_thread_blocked, id=19448, stack(0x0000000002f60000,0x0000000003060000)]

Other Threads:
  0x0000000017c87800 VMThread [stack: 0x0000000018d20000,0x0000000018e20000] [id=16620]
  0x000000001966e800 WatcherThread [stack: 0x0000000019b10000,0x0000000019c10000] [id=940]

VM state:not at safepoint (normal execution)

VM Mutex/Monitor currently owned by a thread: None

Heap:
 PSYoungGen      total 172544K, used 125037K [0x00000000d6180000, 0x00000000e5380000, 0x0000000100000000)
  eden space 155648K, 73% used [0x00000000d6180000,0x00000000dd16adb8,0x00000000df980000)
  from space 16896K, 61% used [0x00000000df980000,0x00000000e03b06d0,0x00000000e0a00000)
  to   space 16384K, 0% used [0x00000000e4380000,0x00000000e4380000,0x00000000e5380000)
 ParOldGen       total 98304K, used 36234K [0x0000000082400000, 0x0000000088400000, 0x00000000d6180000)
  object space 98304K, 36% used [0x0000000082400000,0x00000000847629a8,0x0000000088400000)
 Metaspace       used 45188K, capacity 47274K, committed 47400K, reserved 1091584K
  class space    used 5709K, capacity 6105K, committed 6184K, reserved 1048576K

Card table byte_map: [0x00000000125c0000,0x00000000129b0000] byte_map_base: 0x00000000121ae000

Marking Bits: (ParMarkBitMap*) 0x00000000706ea6c0
 Begin Bits: [0x0000000013050000, 0x0000000014fc0000)
 End Bits:   [0x0000000014fc0000, 0x0000000016f30000)

Polling page: 0x0000000000df0000

CodeCache: size=245760Kb used=24837Kb max_used=24969Kb free=220922Kb
 bounds [0x0000000003200000, 0x0000000004a90000, 0x0000000012200000]
 total_blobs=8269 nmethods=7378 adapters=800
 compilation: enabled

Compilation events (10 events):
Event: 50.192 Thread 0x0000000017cce800 8726       4       javafx.scene.Parent$1::onChanged (700 bytes)
Event: 50.194 Thread 0x0000000017cc3000 nmethod 8724 0x0000000003ea2c50 code [0x0000000003ea2fe0, 0x0000000003ea4a18]
Event: 50.194 Thread 0x0000000017cc3000 8725       3       javafx.scene.layout.Region::boundedNodeSizeWithBias (285 bytes)
Event: 50.195 Thread 0x0000000017cc3000 nmethod 8725 0x0000000003ea0690 code [0x0000000003ea0aa0, 0x0000000003ea22c8]
Event: 50.218 Thread 0x0000000017cc3000 8729       1       com.sun.prism.impl.BaseGraphics::setStroke (6 bytes)
Event: 50.218 Thread 0x0000000017cc3000 nmethod 8729 0x000000000331be10 code [0x000000000331bf60, 0x000000000331c090]
Event: 50.247 Thread 0x0000000017cbc800 nmethod 8721 0x0000000003a04bd0 code [0x0000000003a05120, 0x0000000003a07ca0]
Event: 50.248 Thread 0x0000000017cbc800 8728   !   4       com.sun.javafx.text.PrismTextLayout::layout (1635 bytes)
Event: 50.256 Thread 0x0000000017cc3000 8730       3       com.sun.javafx.webkit.prism.WCFontImpl::getFontStrike (29 bytes)
Event: 50.257 Thread 0x0000000017cc3000 nmethod 8730 0x00000000035072d0 code [0x0000000003507440, 0x0000000003507788]

GC Heap History (10 events):
Event: 7.053 GC heap before
{Heap before GC invocations=9 (full 2):
 PSYoungGen      total 89600K, used 74240K [0x00000000d6180000, 0x00000000dcc00000, 0x0000000100000000)
  eden space 74240K, 100% used [0x00000000d6180000,0x00000000daa00000,0x00000000daa00000)
  from space 15360K, 0% used [0x00000000dbd00000,0x00000000dbd00000,0x00000000dcc00000)
  to   space 17408K, 0% used [0x00000000daa00000,0x00000000daa00000,0x00000000dbb00000)
 ParOldGen       total 98304K, used 11062K [0x0000000082400000, 0x0000000088400000, 0x00000000d6180000)
  object space 98304K, 11% used [0x0000000082400000,0x0000000082ecdac0,0x0000000088400000)
 Metaspace       used 42699K, capacity 44686K, committed 44968K, reserved 1087488K
  class space    used 5597K, capacity 5959K, committed 6056K, reserved 1048576K
Event: 7.066 GC heap after
Heap after GC invocations=9 (full 2):
 PSYoungGen      total 91648K, used 11509K [0x00000000d6180000, 0x00000000ded80000, 0x0000000100000000)
  eden space 74240K, 0% used [0x00000000d6180000,0x00000000d6180000,0x00000000daa00000)
  from space 17408K, 66% used [0x00000000daa00000,0x00000000db53d5b0,0x00000000dbb00000)
  to   space 16896K, 0% used [0x00000000ddd00000,0x00000000ddd00000,0x00000000ded80000)
 ParOldGen       total 98304K, used 11070K [0x0000000082400000, 0x0000000088400000, 0x00000000d6180000)
  object space 98304K, 11% used [0x0000000082400000,0x0000000082ecfac0,0x0000000088400000)
 Metaspace       used 42699K, capacity 44686K, committed 44968K, reserved 1087488K
  class space    used 5597K, capacity 5959K, committed 6056K, reserved 1048576K
}
Event: 7.210 GC heap before
{Heap before GC invocations=10 (full 2):
 PSYoungGen      total 91648K, used 85729K [0x00000000d6180000, 0x00000000ded80000, 0x0000000100000000)
  eden space 74240K, 99% used [0x00000000d6180000,0x00000000da9fb160,0x00000000daa00000)
  from space 17408K, 66% used [0x00000000daa00000,0x00000000db53d5b0,0x00000000dbb00000)
  to   space 16896K, 0% used [0x00000000ddd00000,0x00000000ddd00000,0x00000000ded80000)
 ParOldGen       total 98304K, used 11070K [0x0000000082400000, 0x0000000088400000, 0x00000000d6180000)
  object space 98304K, 11% used [0x0000000082400000,0x0000000082ecfac0,0x0000000088400000)
 Metaspace       used 42898K, capacity 44878K, committed 45224K, reserved 1089536K
  class space    used 5611K, capacity 5959K, committed 6056K, reserved 1048576K
Event: 7.222 GC heap after
Heap after GC invocations=10 (full 2):
 PSYoungGen      total 126464K, used 10953K [0x00000000d6180000, 0x00000000df600000, 0x0000000100000000)
  eden space 109568K, 0% used [0x00000000d6180000,0x00000000d6180000,0x00000000dcc80000)
  from space 16896K, 64% used [0x00000000ddd00000,0x00000000de7b2548,0x00000000ded80000)
  to   space 16896K, 0% used [0x00000000dcc80000,0x00000000dcc80000,0x00000000ddd00000)
 ParOldGen       total 98304K, used 11078K [0x0000000082400000, 0x0000000088400000, 0x00000000d6180000)
  object space 98304K, 11% used [0x0000000082400000,0x0000000082ed1ac0,0x0000000088400000)
 Metaspace       used 42898K, capacity 44878K, committed 45224K, reserved 1089536K
  class space    used 5611K, capacity 5959K, committed 6056K, reserved 1048576K
}
Event: 7.280 GC heap before
{Heap before GC invocations=11 (full 2):
 PSYoungGen      total 126464K, used 120448K [0x00000000d6180000, 0x00000000df600000, 0x0000000100000000)
  eden space 109568K, 99% used [0x00000000d6180000,0x00000000dcc6dcc0,0x00000000dcc80000)
  from space 16896K, 64% used [0x00000000ddd00000,0x00000000de7b2548,0x00000000ded80000)
  to   space 16896K, 0% used [0x00000000dcc80000,0x00000000dcc80000,0x00000000ddd00000)
 ParOldGen       total 98304K, used 11078K [0x0000000082400000, 0x0000000088400000, 0x00000000d6180000)
  object space 98304K, 11% used [0x0000000082400000,0x0000000082ed1ac0,0x0000000088400000)
 Metaspace       used 42901K, capacity 44878K, committed 45224K, reserved 1089536K
  class space    used 5611K, capacity 5959K, committed 6056K, reserved 1048576K
Event: 7.293 GC heap after
Heap after GC invocations=11 (full 2):
 PSYoungGen      total 126464K, used 10996K [0x00000000d6180000, 0x00000000e1c80000, 0x0000000100000000)
  eden space 109568K, 0% used [0x00000000d6180000,0x00000000d6180000,0x00000000dcc80000)
  from space 16896K, 65% used [0x00000000dcc80000,0x00000000dd73d208,0x00000000ddd00000)
  to   space 16384K, 0% used [0x00000000e0c80000,0x00000000e0c80000,0x00000000e1c80000)
 ParOldGen       total 98304K, used 11086K [0x0000000082400000, 0x0000000088400000, 0x00000000d6180000)
  object space 98304K, 11% used [0x0000000082400000,0x0000000082ed3ac0,0x0000000088400000)
 Metaspace       used 42901K, capacity 44878K, committed 45224K, reserved 1089536K
  class space    used 5611K, capacity 5959K, committed 6056K, reserved 1048576K
}
Event: 8.497 GC heap before
{Heap before GC invocations=12 (full 2):
 PSYoungGen      total 126464K, used 120564K [0x00000000d6180000, 0x00000000e1c80000, 0x0000000100000000)
  eden space 109568K, 100% used [0x00000000d6180000,0x00000000dcc80000,0x00000000dcc80000)
  from space 16896K, 65% used [0x00000000dcc80000,0x00000000dd73d208,0x00000000ddd00000)
  to   space 16384K, 0% used [0x00000000e0c80000,0x00000000e0c80000,0x00000000e1c80000)
 ParOldGen       total 98304K, used 11086K [0x0000000082400000, 0x0000000088400000, 0x00000000d6180000)
  object space 98304K, 11% used [0x0000000082400000,0x0000000082ed3ac0,0x0000000088400000)
 Metaspace       used 43394K, capacity 45394K, committed 45480K, reserved 1089536K
  class space    used 5653K, capacity 6041K, committed 6056K, reserved 1048576K
Event: 8.510 GC heap after
Heap after GC invocations=12 (full 2):
 PSYoungGen      total 169984K, used 12936K [0x00000000d6180000, 0x00000000e1a80000, 0x0000000100000000)
  eden space 155648K, 0% used [0x00000000d6180000,0x00000000d6180000,0x00000000df980000)
  from space 14336K, 90% used [0x00000000e0c80000,0x00000000e1922250,0x00000000e1a80000)
  to   space 16896K, 0% used [0x00000000df980000,0x00000000df980000,0x00000000e0a00000)
 ParOldGen       total 98304K, used 11094K [0x0000000082400000, 0x0000000088400000, 0x00000000d6180000)
  object space 98304K, 11% used [0x0000000082400000,0x0000000082ed5ac0,0x0000000088400000)
 Metaspace       used 43394K, capacity 45394K, committed 45480K, reserved 1089536K
  class space    used 5653K, capacity 6041K, committed 6056K, reserved 1048576K
}
Event: 32.921 GC heap before
{Heap before GC invocations=13 (full 2):
 PSYoungGen      total 169984K, used 168584K [0x00000000d6180000, 0x00000000e1a80000, 0x0000000100000000)
  eden space 155648K, 100% used [0x00000000d6180000,0x00000000df980000,0x00000000df980000)
  from space 14336K, 90% used [0x00000000e0c80000,0x00000000e1922250,0x00000000e1a80000)
  to   space 16896K, 0% used [0x00000000df980000,0x00000000df980000,0x00000000e0a00000)
 ParOldGen       total 98304K, used 11094K [0x0000000082400000, 0x0000000088400000, 0x00000000d6180000)
  object space 98304K, 11% used [0x0000000082400000,0x0000000082ed5ac0,0x0000000088400000)
 Metaspace       used 44691K, capacity 46794K, committed 46888K, reserved 1089536K
  class space    used 5705K, capacity 6103K, committed 6184K, reserved 1048576K
Event: 32.946 GC heap after
Heap after GC invocations=13 (full 2):
 PSYoungGen      total 172544K, used 10433K [0x00000000d6180000, 0x00000000e5380000, 0x0000000100000000)
  eden space 155648K, 0% used [0x00000000d6180000,0x00000000d6180000,0x00000000df980000)
  from space 16896K, 61% used [0x00000000df980000,0x00000000e03b06d0,0x00000000e0a00000)
  to   space 16384K, 0% used [0x00000000e4380000,0x00000000e4380000,0x00000000e5380000)
 ParOldGen       total 98304K, used 36234K [0x0000000082400000, 0x0000000088400000, 0x00000000d6180000)
  object space 98304K, 36% used [0x0000000082400000,0x00000000847629a8,0x0000000088400000)
 Metaspace       used 44691K, capacity 46794K, committed 46888K, reserved 1089536K
  class space    used 5705K, capacity 6103K, committed 6184K, reserved 1048576K
}

Deoptimization events (10 events):
Event: 18.658 Thread 0x00000000199df000 Uncommon trap: reason=unstable_if action=reinterpret pc=0x0000000003370568 method=com.sun.javafx.geom.transform.AffineBase.updateState2D()V @ 6
Event: 18.674 Thread 0x00000000199df000 Uncommon trap: reason=unstable_if action=reinterpret pc=0x00000000043a0168 method=com.sun.javafx.geom.Path2D.needRoom(ZI)V @ 104
Event: 28.930 Thread 0x00000000198de000 Uncommon trap: reason=unstable_if action=reinterpret pc=0x0000000003c156fc method=java.util.concurrent.ConcurrentHashMap.putVal(Ljava/lang/Object;Ljava/lang/Object;Z)Ljava/lang/Object; @ 331
Event: 29.326 Thread 0x0000000019c20800 Uncommon trap: reason=unstable_if action=reinterpret pc=0x00000000045a087c method=com.sun.javafx.css.StyleManager$Cache$Key.equals(Ljava/lang/Object;)Z @ 28
Event: 33.427 Thread 0x00000000199df000 Uncommon trap: reason=unstable_if action=reinterpret pc=0x000000000452dee0 method=java.util.WeakHashMap.expungeStaleEntries()V @ 66
Event: 48.072 Thread 0x000000002388e800 Uncommon trap: reason=bimorphic action=maybe_recompile pc=0x000000000473a1c0 method=java.util.HashMap.removeNode(ILjava/lang/Object;Ljava/lang/Object;ZZ)Ljava/util/HashMap$Node; @ 143
Event: 48.460 Thread 0x0000000019c20800 Uncommon trap: reason=unstable_if action=reinterpret pc=0x000000000495dcb0 method=javafx.scene.Node.markDirtyLayoutBranch()V @ 43
Event: 48.529 Thread 0x0000000019c20800 Uncommon trap: reason=unstable_if action=reinterpret pc=0x0000000003f1c324 method=javafx.scene.Node.markDirtyLayoutBranch()V @ 43
Event: 48.576 Thread 0x0000000023892000 Uncommon trap: reason=bimorphic action=maybe_recompile pc=0x000000000473a1c0 method=java.util.HashMap.removeNode(ILjava/lang/Object;Ljava/lang/Object;ZZ)Ljava/util/HashMap$Node; @ 143
Event: 48.691 Thread 0x0000000023893000 Uncommon trap: reason=predicate action=maybe_recompile pc=0x0000000004a2c554 method=java.util.regex.Pattern$Slice.match(Ljava/util/regex/Matcher;ILjava/lang/CharSequence;)Z @ 21

Internal exceptions (10 events):
Event: 32.161 Thread 0x00000000198e0800 Exception <a 'java/io/FileNotFoundException'> (0x00000000df34cb98) thrown at [C:\re\workspace\8-2-build-windows-amd64-cygwin\jdk8u111\7883\hotspot\src\share\vm\prims\jni.cpp, line 709]
Event: 33.969 Thread 0x0000000023890800 Exception <a 'java/lang/NoClassDefFoundError': javax/validation/Validation> (0x00000000d7376c98) thrown at [C:\re\workspace\8-2-build-windows-amd64-cygwin\jdk8u111\7883\hotspot\src\share\vm\oops\constantPool.cpp, line 235]
Event: 34.325 Thread 0x00000000198e2000 Exception <a 'java/io/FileNotFoundException'> (0x00000000d7f71170) thrown at [C:\re\workspace\8-2-build-windows-amd64-cygwin\jdk8u111\7883\hotspot\src\share\vm\prims\jni.cpp, line 709]
Event: 34.325 Thread 0x00000000198e2000 Exception <a 'java/io/FileNotFoundException'> (0x00000000d7f71ad8) thrown at [C:\re\workspace\8-2-build-windows-amd64-cygwin\jdk8u111\7883\hotspot\src\share\vm\prims\jni.cpp, line 709]
Event: 34.594 Thread 0x00000000199df000 Implicit null exception at 0x0000000004917c84 to 0x0000000004917fd3
Event: 34.594 Thread 0x00000000199df000 Exception <a 'java/lang/NullPointerException'> (0x00000000d833fd88) thrown at [C:\re\workspace\8-2-build-windows-amd64-cygwin\jdk8u111\7883\hotspot\src\share\vm\runtime\sharedRuntime.cpp, line 605]
Event: 34.594 Thread 0x00000000199df000 Implicit null exception at 0x0000000004917c84 to 0x0000000004917fd3
Event: 34.594 Thread 0x00000000199df000 Exception <a 'java/lang/NullPointerException'> (0x00000000d8340538) thrown at [C:\re\workspace\8-2-build-windows-amd64-cygwin\jdk8u111\7883\hotspot\src\share\vm\runtime\sharedRuntime.cpp, line 605]
Event: 50.287 Thread 0x00000000198df800 Exception <a 'java/io/FileNotFoundException'> (0x00000000dd140588) thrown at [C:\re\workspace\8-2-build-windows-amd64-cygwin\jdk8u111\7883\hotspot\src\share\vm\prims\jni.cpp, line 709]
Event: 50.288 Thread 0x00000000198df800 Exception <a 'java/io/FileNotFoundException'> (0x00000000dd140ef0) thrown at [C:\re\workspace\8-2-build-windows-amd64-cygwin\jdk8u111\7883\hotspot\src\share\vm\prims\jni.cpp, line 709]

Events (10 events):
Event: 50.115 Thread 0x0000000017cc3000 flushing nmethod 0x000000000430bed0
Event: 50.115 Thread 0x0000000017cc3000 flushing nmethod 0x00000000043185d0
Event: 50.115 Thread 0x0000000017cc3000 flushing nmethod 0x0000000004319790
Event: 50.116 Thread 0x0000000017cc3000 flushing nmethod 0x000000000440c050
Event: 50.116 Thread 0x0000000017cc3000 flushing nmethod 0x000000000440f750
Event: 50.116 Thread 0x0000000017cc3000 flushing nmethod 0x00000000044287d0
Event: 50.116 Thread 0x0000000017cc3000 flushing nmethod 0x000000000445d350
Event: 50.117 Thread 0x0000000017cc3000 flushing nmethod 0x0000000004557210
Event: 50.118 Thread 0x0000000017cc3000 flushing nmethod 0x0000000004699750
Event: 50.280 Thread 0x00000000198df800 Thread added: 0x00000000198df800


Dynamic libraries:
0x00007ff6e4e70000 - 0x00007ff6e4ea7000 	C:\Program Files\Java\jdk1.8.0_111\jre\bin\java.exe
0x00007fff52970000 - 0x00007fff52b51000 	C:\WINDOWS\SYSTEM32\ntdll.dll
0x00007fff51e70000 - 0x00007fff51f21000 	C:\WINDOWS\System32\KERNEL32.DLL
0x00007fff4f690000 - 0x00007fff4f903000 	C:\WINDOWS\System32\KERNELBASE.dll
0x00007fff527c0000 - 0x00007fff52861000 	C:\WINDOWS\System32\ADVAPI32.dll
0x00007fff52500000 - 0x00007fff5259e000 	C:\WINDOWS\System32\msvcrt.dll
0x00007fff526e0000 - 0x00007fff5273b000 	C:\WINDOWS\System32\sechost.dll
0x00007fff525a0000 - 0x00007fff526c4000 	C:\WINDOWS\System32\RPCRT4.dll
0x00007fff51ce0000 - 0x00007fff51e70000 	C:\WINDOWS\System32\USER32.dll
0x00007fff4ed40000 - 0x00007fff4ed60000 	C:\WINDOWS\System32\win32u.dll
0x00007fff51a10000 - 0x00007fff51a38000 	C:\WINDOWS\System32\GDI32.dll
0x00007fff4fc60000 - 0x00007fff4fdf2000 	C:\WINDOWS\System32\gdi32full.dll
0x00007fff4f570000 - 0x00007fff4f60f000 	C:\WINDOWS\System32\msvcp_win.dll
0x00007fff4fb60000 - 0x00007fff4fc58000 	C:\WINDOWS\System32\ucrtbase.dll
0x00007fff3c9a0000 - 0x00007fff3cc09000 	C:\WINDOWS\WinSxS\amd64_microsoft.windows.common-controls_6595b64144ccf1df_6.0.17134.765_none_fb42a1a930655896\COMCTL32.dll
0x00007fff51f30000 - 0x00007fff52252000 	C:\WINDOWS\System32\combase.dll
0x00007fff4f610000 - 0x00007fff4f68a000 	C:\WINDOWS\System32\bcryptPrimitives.dll
0x00007fff503c0000 - 0x00007fff503ed000 	C:\WINDOWS\System32\IMM32.DLL
0x0000000071080000 - 0x0000000071152000 	C:\Program Files\Java\jdk1.8.0_111\jre\bin\msvcr100.dll
0x000000006fed0000 - 0x000000007076a000 	C:\Program Files\Java\jdk1.8.0_111\jre\bin\server\jvm.dll
0x00007fff526d0000 - 0x00007fff526d8000 	C:\WINDOWS\System32\PSAPI.DLL
0x00007fff30fd0000 - 0x00007fff30fd9000 	C:\WINDOWS\SYSTEM32\WSOCK32.dll
0x00007fff4c4d0000 - 0x00007fff4c4f3000 	C:\WINDOWS\SYSTEM32\WINMM.dll
0x00007fff42cb0000 - 0x00007fff42cba000 	C:\WINDOWS\SYSTEM32\VERSION.dll
0x00007fff52870000 - 0x00007fff528dc000 	C:\WINDOWS\System32\WS2_32.dll
0x00007fff4c4a0000 - 0x00007fff4c4ca000 	C:\WINDOWS\SYSTEM32\winmmbase.dll
0x00007fff4f470000 - 0x00007fff4f4b9000 	C:\WINDOWS\System32\cfgmgr32.dll
0x0000000071030000 - 0x000000007103f000 	C:\Program Files\Java\jdk1.8.0_111\jre\bin\verify.dll
0x0000000071000000 - 0x0000000071029000 	C:\Program Files\Java\jdk1.8.0_111\jre\bin\java.dll
0x0000000070fe0000 - 0x0000000070ff6000 	C:\Program Files\Java\jdk1.8.0_111\jre\bin\zip.dll
0x00007fff503f0000 - 0x00007fff51830000 	C:\WINDOWS\System32\SHELL32.dll
0x00007fff51ac0000 - 0x00007fff51b69000 	C:\WINDOWS\System32\shcore.dll
0x00007fff4ed60000 - 0x00007fff4f46d000 	C:\WINDOWS\System32\windows.storage.dll
0x00007fff528e0000 - 0x00007fff52931000 	C:\WINDOWS\System32\shlwapi.dll
0x00007fff4ece0000 - 0x00007fff4ecf1000 	C:\WINDOWS\System32\kernel.appcore.dll
0x00007fff4ed20000 - 0x00007fff4ed3f000 	C:\WINDOWS\System32\profapi.dll
0x00007fff4ec80000 - 0x00007fff4eccc000 	C:\WINDOWS\System32\powrprof.dll
0x00007fff4ecd0000 - 0x00007fff4ecda000 	C:\WINDOWS\System32\FLTLIB.DLL
0x00007fff2f4d0000 - 0x00007fff2f5bf000 	C:\Program Files\Java\jdk1.8.0_111\jre\bin\msvcr120.dll
0x00007fff240b0000 - 0x00007fff24156000 	C:\Program Files\Java\jdk1.8.0_111\jre\bin\msvcp120.dll
0x0000000070dc0000 - 0x0000000070de2000 	C:\Program Files\Java\jdk1.8.0_111\jre\bin\prism_d3d.dll
0x00007fff10e30000 - 0x00007fff10fc7000 	C:\WINDOWS\system32\d3d9.dll
0x00007fff4d0f0000 - 0x00007fff4d119000 	C:\WINDOWS\SYSTEM32\dwmapi.dll
0x00007fff4cb10000 - 0x00007fff4cba8000 	C:\WINDOWS\system32\uxtheme.dll
0x00007fff181c0000 - 0x00007fff18381000 	C:\WINDOWS\System32\DriverStore\FileRepository\ki131071.inf_amd64_22a98f9ff49124b9\igdumdim64.dll
0x00007fff46d40000 - 0x00007fff46e5a000 	C:\WINDOWS\System32\DriverStore\FileRepository\ki131071.inf_amd64_22a98f9ff49124b9\igdgmm64.dll
0x00007ffedfe90000 - 0x00007ffee3812000 	C:\WINDOWS\System32\DriverStore\FileRepository\ki131071.inf_amd64_22a98f9ff49124b9\igd9dxva64.dll
0x00007fff4fe10000 - 0x00007fff4ff61000 	C:\WINDOWS\System32\OLE32.dll
0x00007fff51c10000 - 0x00007fff51cd2000 	C:\WINDOWS\System32\OLEAUT32.dll
0x0000000070c00000 - 0x0000000070c43000 	C:\Program Files\Java\jdk1.8.0_111\jre\bin\glass.dll
0x00007fff52410000 - 0x00007fff524fd000 	C:\WINDOWS\System32\COMDLG32.dll
0x00007fff51830000 - 0x00007fff519a3000 	C:\WINDOWS\System32\MSCTF.dll
0x00007fff41af0000 - 0x00007fff41b11000 	C:\WINDOWS\System32\DriverStore\FileRepository\ki131071.inf_amd64_22a98f9ff49124b9\igdinfo64.dll
0x00007fff44cf0000 - 0x00007fff46cb5000 	C:\WINDOWS\System32\DriverStore\FileRepository\ki131071.inf_amd64_22a98f9ff49124b9\igc64.dll
0x0000000070be0000 - 0x0000000070bf4000 	C:\Program Files\Java\jdk1.8.0_111\jre\bin\javafx_font.dll
0x00007fff3fda0000 - 0x00007fff400bc000 	C:\WINDOWS\SYSTEM32\dwrite.dll
0x000000006aea0000 - 0x000000006d431000 	C:\Program Files\Java\jdk1.8.0_111\jre\bin\jfxwebkit.dll
0x00007fff4e6b0000 - 0x00007fff4e6c7000 	C:\WINDOWS\SYSTEM32\CRYPTSP.dll
0x00007fff4e0e0000 - 0x00007fff4e113000 	C:\WINDOWS\system32\rsaenh.dll
0x00007fff4e7e0000 - 0x00007fff4e805000 	C:\WINDOWS\SYSTEM32\bcrypt.dll
0x00007fff4e6d0000 - 0x00007fff4e6db000 	C:\WINDOWS\SYSTEM32\CRYPTBASE.dll
0x0000000070b80000 - 0x0000000070ba4000 	C:\Program Files\Java\jdk1.8.0_111\jre\bin\sunec.dll
0x0000000070fc0000 - 0x0000000070fda000 	C:\Program Files\Java\jdk1.8.0_111\jre\bin\net.dll
0x00007fff4e500000 - 0x00007fff4e566000 	C:\WINDOWS\system32\mswsock.dll
0x00007fff4e280000 - 0x00007fff4e2b8000 	C:\WINDOWS\SYSTEM32\IPHLPAPI.DLL
0x00007fff52400000 - 0x00007fff52408000 	C:\WINDOWS\System32\NSI.dll
0x00007fff4a110000 - 0x00007fff4a126000 	C:\WINDOWS\SYSTEM32\dhcpcsvc6.DLL
0x00007fff4a080000 - 0x00007fff4a09a000 	C:\WINDOWS\SYSTEM32\dhcpcsvc.DLL
0x0000000070fa0000 - 0x0000000070fb1000 	C:\Program Files\Java\jdk1.8.0_111\jre\bin\nio.dll
0x00007fff4e2c0000 - 0x00007fff4e37e000 	C:\WINDOWS\SYSTEM32\DNSAPI.dll
0x00007fff423b0000 - 0x00007fff423ba000 	C:\Windows\System32\rasadhlp.dll
0x00007fff4a270000 - 0x00007fff4a2e2000 	C:\WINDOWS\System32\fwpuclnt.dll
0x00007fff3f9b0000 - 0x00007fff3f9c6000 	C:\WINDOWS\system32\napinsp.dll
0x00007fff3fae0000 - 0x00007fff3fafa000 	C:\WINDOWS\system32\pnrpnsp.dll
0x00007fff4c7b0000 - 0x00007fff4c7c9000 	C:\WINDOWS\system32\NLAapi.dll
0x00007fff3fd50000 - 0x00007fff3fd5e000 	C:\WINDOWS\System32\winrnr.dll
0x00007fff47270000 - 0x00007fff47285000 	C:\WINDOWS\System32\wshbth.dll
0x00007fff4ebb0000 - 0x00007fff4ebd8000 	C:\WINDOWS\SYSTEM32\USERENV.dll
0x0000000070ee0000 - 0x0000000070eeb000 	C:\Program Files\Java\jdk1.8.0_111\jre\bin\sunmscapi.dll
0x00007fff4f910000 - 0x00007fff4faf2000 	C:\WINDOWS\System32\CRYPT32.dll
0x00007fff4ed00000 - 0x00007fff4ed12000 	C:\WINDOWS\System32\MSASN1.dll
0x00007fff36a60000 - 0x00007fff36aac000 	C:\Windows\System32\sqljdbc_auth.dll
0x00007fff3ce90000 - 0x00007fff3ce9c000 	C:\WINDOWS\system32\secur32.dll
0x00007fff4eb80000 - 0x00007fff4ebb0000 	C:\WINDOWS\SYSTEM32\SSPICLI.DLL
0x00007fff4e5c0000 - 0x00007fff4e6a8000 	C:\WINDOWS\system32\kerberos.DLL
0x00007fff4e480000 - 0x00007fff4e4f1000 	C:\WINDOWS\system32\msv1_0.DLL
0x00007fff4e470000 - 0x00007fff4e47d000 	C:\WINDOWS\SYSTEM32\NtlmShared.dll
0x00007fff4e570000 - 0x00007fff4e584000 	C:\WINDOWS\SYSTEM32\cryptdll.dll
0x00007fff3ac40000 - 0x00007fff3ac68000 	C:\WINDOWS\system32\ntdsapi.dll
0x0000000070950000 - 0x0000000070ae8000 	C:\Program Files\Java\jdk1.8.0_111\jre\bin\awt.dll
0x00007fff4c690000 - 0x00007fff4c71b000 	C:\WINDOWS\SYSTEM32\apphelp.dll
0x00007fff51b70000 - 0x00007fff51c10000 	C:\WINDOWS\System32\clbcatq.dll
0x00007fff493c0000 - 0x00007fff4956e000 	C:\WINDOWS\SYSTEM32\WindowsCodecs.dll
0x00007fff273b0000 - 0x00007fff27408000 	C:\WINDOWS\system32\dataexchange.dll
0x00007fff4ab60000 - 0x00007fff4ae6b000 	C:\WINDOWS\system32\d3d11.dll
0x00007fff4b440000 - 0x00007fff4b5dc000 	C:\WINDOWS\system32\dcomp.dll
0x00007fff4db00000 - 0x00007fff4dbbb000 	C:\WINDOWS\system32\dxgi.dll
0x00007fff4d320000 - 0x00007fff4d4d8000 	C:\WINDOWS\system32\twinapi.appcore.dll
0x00007fff4d2a0000 - 0x00007fff4d2c9000 	C:\WINDOWS\system32\RMCLIENT.dll
0x00007fff369b0000 - 0x00007fff369e4000 	C:\Program Files\Common Files\Microsoft Shared\Ink\rtscom.dll
0x00007fff41810000 - 0x00007fff418a6000 	C:\WINDOWS\System32\TextInputFramework.dll
0x00007fff48c10000 - 0x00007fff48f2e000 	C:\WINDOWS\System32\CoreUIComponents.dll
0x00007fff4bb30000 - 0x00007fff4bc0a000 	C:\WINDOWS\System32\CoreMessaging.dll
0x00007fff4dc90000 - 0x00007fff4dcc1000 	C:\WINDOWS\SYSTEM32\ntmarta.dll
0x00007fff4b9e0000 - 0x00007fff4bb2d000 	C:\WINDOWS\SYSTEM32\wintypes.dll
0x0000000070bc0000 - 0x0000000070bd1000 	C:\Program Files\Java\jdk1.8.0_111\jre\bin\prism_common.dll
0x0000000070b50000 - 0x0000000070b73000 	C:\Program Files\Java\jdk1.8.0_111\jre\bin\javafx_iio.dll
0x000000006fa00000 - 0x000000006fa73000 	C:\Program Files\Java\jdk1.8.0_111\jre\bin\glib-lite.dll
0x000000006f960000 - 0x000000006f9fc000 	C:\Program Files\Java\jdk1.8.0_111\jre\bin\gstreamer-lite.dll
0x00007fff11320000 - 0x00007fff113af000 	C:\WINDOWS\SYSTEM32\DSOUND.dll
0x0000000070b20000 - 0x0000000070b45000 	C:\Program Files\Java\jdk1.8.0_111\jre\bin\jfxmedia.dll
0x00007fff4cd40000 - 0x00007fff4cf09000 	C:\WINDOWS\SYSTEM32\dbghelp.dll

VM Arguments:
jvm_args: -Dfile.encoding=UTF-8 
java_command: C:\Users\daniel.constantin\Documents\NetBeansProjects\TransportBase\TransBase\dist\run415348860\TransBase.jar
java_class_path (initial): C:\Users\daniel.constantin\Documents\NetBeansProjects\TransportBase\TransBase\dist\run415348860\TransBase.jar
Launcher Type: SUN_STANDARD

Environment Variables:
JAVA_HOME=C:\Program Files\AdoptOpenJDK\jdk-11.0.3.7-hotspot\
PATH=C:\Program Files\AdoptOpenJDK\jdk-11.0.3.7-hotspot\bin;C:\Program Files (x86)\Common Files\Oracle\Java\javapath;C:\ProgramData\Oracle\Java\javapath;C:\WINDOWS\system32;C:\WINDOWS;C:\WINDOWS\System32\Wbem;C:\WINDOWS\System32\WindowsPowerShell\v1.0\;C:\ProgramData\chocolatey\bin;C:\Microsoft SQL Server Migration Assistant for Access\bin\;c:\Program Files (x86)\Microsoft SQL Server\100\Tools\Binn\;c:\Program Files\Microsoft SQL Server\100\Tools\Binn\;c:\Program Files\Microsoft SQL Server\100\DTS\Binn\;c:\Program Files (x86)\Microsoft SQL Server\100\Tools\Binn\VSShell\Common7\IDE\;c:\Program Files (x86)\Microsoft Visual Studio 9.0\Common7\IDE\PrivateAssemblies\;c:\Program Files (x86)\Microsoft SQL Server\100\DTS\Binn\;C:\Program Files\Intel\WiFi\bin\;C:\Program Files\Common Files\Intel\WirelessCommon\;C:\WINDOWS\System32\OpenSSH\;C:\Program Files (x86)\Sennheiser\SoftphoneSDK\;C:\Users\daniel.constantin\AppData\Local\Programs\Inno Setup 6\;C:\Program Files (x86)\WiX Toolset v3.11\bin\;C:\Program Files (x86)\Intel\Intel(R) Management Engine Components\DAL;C:\Program Files\Intel\Intel(R) Management Engine Components\DAL;C:\Program Files (x86)\Inno Setup 5\;C:\Program Files\AdoptOpenJDK\javafx-jmods-11.0.2;C:\Users\daniel.constantin\AppData\Local\Microsoft\WindowsApps;C:\Groovy\apache-groovy-binary-3.0.0-alpha-3\groovy-3.0.0-alpha-3\bin;C:\gradle\gradle-4.8.1-bin\gradle-4.8.1\bin;C:\spring\spring-boot-cli-2.0.3.RELEASE-bin\spring-2.0.3.RELEASE\bin;C:\Program Files\Intel\WiFi\bin\;C:\Program Files\Common Files\Intel\WirelessCommon\;C:\Program Files\AdoptOpenJDK\jdk-11.0.3.7-hotspot\\bin;C:\Program Files (x86)\WiX Toolset v3.11;C:\Program Files (x86)\Inno Setup 5;
USERNAME=daniel.constantin
OS=Windows_NT
PROCESSOR_IDENTIFIER=Intel64 Family 6 Model 78 Stepping 3, GenuineIntel



---------------  S Y S T E M  ---------------

OS: Windows 10.0 , 64 bit Build 17134 (10.0.17134.753)

CPU:total 4 (2 cores per cpu, 2 threads per core) family 6 model 78 stepping 3, cmov, cx8, fxsr, mmx, sse, sse2, sse3, ssse3, sse4.1, sse4.2, popcnt, avx, avx2, aes, clmul, erms, rtm, 3dnowpref, lzcnt, ht, tsc, tscinvbit, bmi1, bmi2, adx

Memory: 4k page, physical 8240764k(1606056k free), swap 17337280k(2474044k free)

vm_info: Java HotSpot(TM) 64-Bit Server VM (25.111-b14) for windows-amd64 JRE (1.8.0_111-b14), built on Sep 22 2016 19:24:05 by "java_re" with MS VC++ 10.0 (VS2010)

time: Sun Jun 30 20:04:02 2019
elapsed time: 50 seconds (0d 0h 0m 50s)

